lab1/AndroidWeatherForecast/app/build/intermediates/manifest_merge_blame_file/debug/manifest-merger-blame-debug-report.txt
1<?xml version="1.0" encoding="utf-8"?>
2<manifest xmlns:android="http://schemas.android.com/apk/res/android"
3    package="com.xmobileapp.android.weatherforecast"
4    android:versionCode="1"
5    android:versionName="1.0" >
6
7    <uses-sdk
8        android:minSdkVersion="3"
8-->src/main/AndroidManifest.xml
9        android:targetSdkVersion="3" />
9-->src/main/AndroidManifest.xml
10
11    <uses-permission android:name="android.permission.INTERNET" />
11-->src/main/AndroidManifest.xml:18:1-79
11-->src/main/AndroidManifest.xml:18:18-60
12
13    <application
13-->src/main/AndroidManifest.xml:6:5-15:15
14        android:debuggable="true"
15        android:icon="@drawable/icon"
15-->src/main/AndroidManifest.xml:6:18-47
16        android:label="@string/app_name"
16-->src/main/AndroidManifest.xml:6:48-80
17        android:testOnly="true" >
18        <activity
18-->src/main/AndroidManifest.xml:7:9-13:20
19            android:name="com.xmobileapp.android.weatherforecast.AndroidWeatherForecast"
19-->src/main/AndroidManifest.xml:7:19-57
20            android:label="@string/app_name" >
20-->src/main/AndroidManifest.xml:8:19-51
21            <intent-filter>
21-->src/main/AndroidManifest.xml:9:13-12:29
22                <action android:name="android.intent.action.MAIN" />
22-->src/main/AndroidManifest.xml:10:17-69
22-->src/main/AndroidManifest.xml:10:25-66
23
24                <category android:name="android.intent.category.LAUNCHER" />
24-->src/main/AndroidManifest.xml:11:17-77
24-->src/main/AndroidManifest.xml:11:27-74
25            </intent-filter>
26        </activity>
27        <activity android:name="com.xmobileapp.android.weatherforecast.WeatherResult" />
27-->src/main/AndroidManifest.xml:14:5-56
27-->src/main/AndroidManifest.xml:14:15-44
28    </application>
29
30</manifest>